This is pdfTeX, Version 3.1415926-2.4-1.40.13 (MiKTeX 2.9) (preloaded format=pdftex 2015.2.23)  23 FEB 2015 00:42
entering extended mode
**C:/Users/trand_000/Desktop/Coursera*Data/regression*model/project*final/proje
ctfinal.md

("C:/Users/trand_000/Desktop/Coursera Data/regression model/project final/proje
ctfinal.md"
C:/Users/trand_000/Desktop/Coursera Data/regression model/project final/project
final.md:6: Missing $ inserted
I've inserted a begin-math/end-math symbol since I think
you left one out. Proceed, with fingers crossed.


C:/Users/trand_000/Desktop/Coursera Data/regression model/project final/project
final.md:11: Missing $ inserted
I've inserted a begin-math/end-math symbol since I think
you left one out. Proceed, with fingers crossed.


C:/Users/trand_000/Desktop/Coursera Data/regression model/project final/project
final.md:13: You can't use `macro parameter character #' in vertical mode
Sorry, but I'm not programmed to handle this case;
I'll just pretend that you didn't ask for it.
If you're in the wrong mode, you might be able to
return to the right one by typing `I}' or `I$' or `I\par'.


C:/Users/trand_000/Desktop/Coursera Data/regression model/project final/project
final.md:22: You can't use `macro parameter character #' in vertical mode
Sorry, but I'm not programmed to handle this case;
I'll just pretend that you didn't ask for it.
If you're in the wrong mode, you might be able to
return to the right one by typing `I}' or `I$' or `I\par'.


C:/Users/trand_000/Desktop/Coursera Data/regression model/project final/project
final.md:24: You can't use `macro parameter character #' in vertical mode
Sorry, but I'm not programmed to handle this case;
I'll just pretend that you didn't ask for it.
If you're in the wrong mode, you might be able to
return to the right one by typing `I}' or `I$' or `I\par'.


C:/Users/trand_000/Desktop/Coursera Data/regression model/project final/project
final.md:24: You can't use `macro parameter character #' in vertical mode
Sorry, but I'm not programmed to handle this case;
I'll just pretend that you didn't ask for it.
If you're in the wrong mode, you might be able to
return to the right one by typing `I}' or `I$' or `I\par'.


C:/Users/trand_000/Desktop/Coursera Data/regression model/project final/project
final.md:37: You can't use `macro parameter character #' in horizontal mode
Sorry, but I'm not programmed to handle this case;
I'll just pretend that you didn't ask for it.
If you're in the wrong mode, you might be able to
return to the right one by typing `I}' or `I$' or `I\par'.


C:/Users/trand_000/Desktop/Coursera Data/regression model/project final/project
final.md:37: You can't use `macro parameter character #' in horizontal mode
Sorry, but I'm not programmed to handle this case;
I'll just pretend that you didn't ask for it.
If you're in the wrong mode, you might be able to
return to the right one by typing `I}' or `I$' or `I\par'.


C:/Users/trand_000/Desktop/Coursera Data/regression model/project final/project
final.md:38: You can't use `macro parameter character #' in horizontal mode
Sorry, but I'm not programmed to handle this case;
I'll just pretend that you didn't ask for it.
If you're in the wrong mode, you might be able to
return to the right one by typing `I}' or `I$' or `I\par'.


C:/Users/trand_000/Desktop/Coursera Data/regression model/project final/project
final.md:38: You can't use `macro parameter character #' in horizontal mode
Sorry, but I'm not programmed to handle this case;
I'll just pretend that you didn't ask for it.
If you're in the wrong mode, you might be able to
return to the right one by typing `I}' or `I$' or `I\par'.


C:/Users/trand_000/Desktop/Coursera Data/regression model/project final/project
final.md:39: You can't use `macro parameter character #' in horizontal mode
Sorry, but I'm not programmed to handle this case;
I'll just pretend that you didn't ask for it.
If you're in the wrong mode, you might be able to
return to the right one by typing `I}' or `I$' or `I\par'.


C:/Users/trand_000/Desktop/Coursera Data/regression model/project final/project
final.md:39: You can't use `macro parameter character #' in horizontal mode
Sorry, but I'm not programmed to handle this case;
I'll just pretend that you didn't ask for it.
If you're in the wrong mode, you might be able to
return to the right one by typing `I}' or `I$' or `I\par'.


C:/Users/trand_000/Desktop/Coursera Data/regression model/project final/project
final.md:43: Missing $ inserted
I've inserted a begin-math/end-math symbol since I think
you left one out. Proceed, with fingers crossed.


C:/Users/trand_000/Desktop/Coursera Data/regression model/project final/project
final.md:45: Missing $ inserted
I've inserted a begin-math/end-math symbol since I think
you left one out. Proceed, with fingers crossed.


Overfull \hbox (238.06047pt too wide) in paragraph at lines 43--45
[]$[]\teni pg[]Miles=\tenrm (\teni US\tenrm )\teni gallon\tenrm )\teni isourout
putvariable:The[]m[]transmission\tenrm 0 = \teni automatic; \tenrm 1 = \teni ma
nual\tenrm )\teni isourpredictor:We[]llinvestigatingtherelationof[]pg[]nd[]m[] 
<|

\hbox(7.51782+3.55557)x469.75499
.\hbox(0.0+0.0)x20.0
.\mathon
.\hbox(3.01389+0.0)x7.59612, shifted 1.49998
..\seveni m
.\teni p
.\teni g
.etc.


Overfull \hbox (0.93916pt too wide) in paragraph at lines 43--45
\teni =br > The[]pg[]sacontinousvariableand[]m[]sadummyvariablewhichtakes\tenrm
 0\teni forautomaticand\tenrm 1\teni formanual: <|

\hbox(7.5+2.5)x469.75499
.\teni =
.\teni b
.\teni r
.\kern0.27779
.\glue(\thickmuskip) 2.77771 plus 2.77771
.etc.


C:/Users/trand_000/Desktop/Coursera Data/regression model/project final/project
final.md:46: Missing $ inserted
I've inserted a begin-math/end-math symbol since I think
you left one out. Proceed, with fingers crossed.


C:/Users/trand_000/Desktop/Coursera Data/regression model/project final/project
final.md:46: Double subscript
I treat `x_1_2' essentially like `x_1{}_2'.


C:/Users/trand_000/Desktop/Coursera Data/regression model/project final/project
final.md:46: Double subscript
I treat `x_1_2' essentially like `x_1{}_2'.


C:/Users/trand_000/Desktop/Coursera Data/regression model/project final/project
final.md:46: Double subscript
I treat `x_1_2' essentially like `x_1{}_2'.


C:/Users/trand_000/Desktop/Coursera Data/regression model/project final/project
final.md:46: Double subscript
I treat `x_1_2' essentially like `x_1{}_2'.


C:/Users/trand_000/Desktop/Coursera Data/regression model/project final/project
final.md:46: Double subscript
I treat `x_1_2' essentially like `x_1{}_2'.


C:/Users/trand_000/Desktop/Coursera Data/regression model/project final/project
final.md:46: Double subscript
I treat `x_1_2' essentially like `x_1{}_2'.


C:/Users/trand_000/Desktop/Coursera Data/regression model/project final/project
final.md:46: Double subscript
I treat `x_1_2' essentially like `x_1{}_2'.


C:/Users/trand_000/Desktop/Coursera Data/regression model/project final/project
final.md:47: Missing $ inserted
I've inserted a begin-math/end-math symbol since I think
you left one out. Proceed, with fingers crossed.


Overfull \hbox (179.55719pt too wide) in paragraph at lines 46--47
\tenrm our model nor ex-clude use-ful vari-able. Among the-ses vari-ables, $[]\
teni yl[][]s[][]ear[][]arb[]redummiesvariables; and[]isp[][]p[][]rat[][]t[][]se
c[]recontinousvariable: <|

\hbox(6.94444+2.86108)x469.75499, glue set - 1.0
.\tenrm o
.\tenrm u
.\tenrm r
.\glue 3.33333 plus 1.66666 minus 1.11111
.\tenrm m
.etc.


C:/Users/trand_000/Desktop/Coursera Data/regression model/project final/project
final.md:50: You can't use `macro parameter character #' in vertical mode
Sorry, but I'm not programmed to handle this case;
I'll just pretend that you didn't ask for it.
If you're in the wrong mode, you might be able to
return to the right one by typing `I}' or `I$' or `I\par'.


C:/Users/trand_000/Desktop/Coursera Data/regression model/project final/project
final.md:50: You can't use `macro parameter character #' in vertical mode
Sorry, but I'm not programmed to handle this case;
I'll just pretend that you didn't ask for it.
If you're in the wrong mode, you might be able to
return to the right one by typing `I}' or `I$' or `I\par'.


C:/Users/trand_000/Desktop/Coursera Data/regression model/project final/project
final.md:51: Missing $ inserted
I've inserted a begin-math/end-math symbol since I think
you left one out. Proceed, with fingers crossed.


C:/Users/trand_000/Desktop/Coursera Data/regression model/project final/project
final.md:52: Missing { inserted
A left brace was mandatory here, so I've put one in.
You might want to delete and/or insert some corrections
so that I will find a matching right brace soon.
(If you're confused by all this, try typing `I}' now.)


C:/Users/trand_000/Desktop/Coursera Data/regression model/project final/project
final.md:52: Missing $ inserted
I've inserted a begin-math/end-math symbol since I think
you left one out. Proceed, with fingers crossed.


C:/Users/trand_000/Desktop/Coursera Data/regression model/project final/project
final.md:52: Missing } inserted
I've inserted something that you may have forgotten.
(See the <inserted text> above.)
With luck, this will get me unwedged. But if you
really didn't forget anything, try typing `2' now; then
my insertion and my current dilemma will both disappear.


C:/Users/trand_000/Desktop/Coursera Data/regression model/project final/project
final.md:54: You can't use `macro parameter character #' in vertical mode
Sorry, but I'm not programmed to handle this case;
I'll just pretend that you didn't ask for it.
If you're in the wrong mode, you might be able to
return to the right one by typing `I}' or `I$' or `I\par'.


C:/Users/trand_000/Desktop/Coursera Data/regression model/project final/project
final.md:54: You can't use `macro parameter character #' in vertical mode
Sorry, but I'm not programmed to handle this case;
I'll just pretend that you didn't ask for it.
If you're in the wrong mode, you might be able to
return to the right one by typing `I}' or `I$' or `I\par'.

Missing character: There is no ù in font cmr10!

C:/Users/trand_000/Desktop/Coursera Data/regression model/project final/project
final.md:56: Missing $ inserted
I've inserted a begin-math/end-math symbol since I think
you left one out. Proceed, with fingers crossed.


C:/Users/trand_000/Desktop/Coursera Data/regression model/project final/project
final.md:57: Missing { inserted
A left brace was mandatory here, so I've put one in.
You might want to delete and/or insert some corrections
so that I will find a matching right brace soon.
(If you're confused by all this, try typing `I}' now.)


C:/Users/trand_000/Desktop/Coursera Data/regression model/project final/project
final.md:57: Missing $ inserted
I've inserted a begin-math/end-math symbol since I think
you left one out. Proceed, with fingers crossed.


C:/Users/trand_000/Desktop/Coursera Data/regression model/project final/project
final.md:57: Missing } inserted
I've inserted something that you may have forgotten.
(See the <inserted text> above.)
With luck, this will get me unwedged. But if you
really didn't forget anything, try typing `2' now; then
my insertion and my current dilemma will both disappear.


C:/Users/trand_000/Desktop/Coursera Data/regression model/project final/project
final.md:59: Missing $ inserted
I've inserted a begin-math/end-math symbol since I think
you left one out. Proceed, with fingers crossed.


C:/Users/trand_000/Desktop/Coursera Data/regression model/project final/project
final.md:59: Double subscript
I treat `x_1_2' essentially like `x_1{}_2'.


C:/Users/trand_000/Desktop/Coursera Data/regression model/project final/project
final.md:59: Double subscript
I treat `x_1_2' essentially like `x_1{}_2'.


C:/Users/trand_000/Desktop/Coursera Data/regression model/project final/project
final.md:60: Missing $ inserted
I've inserted a begin-math/end-math symbol since I think
you left one out. Proceed, with fingers crossed.


Overfull \hbox (281.93863pt too wide) in paragraph at lines 59--60
[]\tenrm We can ob-serve that the val-ues of $[]\teni t[][]isp[][]rat[]rerelate
dto[]m[]Whenfittingthemodel; itsuggestthatweshouldcreateavariableofinteractionb
etween[]m[]ndthesevariables:$ |

\hbox(6.94444+2.86108)x469.75499, glue set - 1.0
.\hbox(0.0+0.0)x20.0
.\tenrm W
.\kern-0.83334
.\tenrm e
.\glue 3.33333 plus 1.66666 minus 1.11111
.etc.


C:/Users/trand_000/Desktop/Coursera Data/regression model/project final/project
final.md:66: You can't use `macro parameter character #' in vertical mode
Sorry, but I'm not programmed to handle this case;
I'll just pretend that you didn't ask for it.
If you're in the wrong mode, you might be able to
return to the right one by typing `I}' or `I$' or `I\par'.


C:/Users/trand_000/Desktop/Coursera Data/regression model/project final/project
final.md:70: You can't use `macro parameter character #' in horizontal mode
Sorry, but I'm not programmed to handle this case;
I'll just pretend that you didn't ask for it.
If you're in the wrong mode, you might be able to
return to the right one by typing `I}' or `I$' or `I\par'.


C:/Users/trand_000/Desktop/Coursera Data/regression model/project final/project
final.md:70: You can't use `macro parameter character #' in horizontal mode
Sorry, but I'm not programmed to handle this case;
I'll just pretend that you didn't ask for it.
If you're in the wrong mode, you might be able to
return to the right one by typing `I}' or `I$' or `I\par'.


C:/Users/trand_000/Desktop/Coursera Data/regression model/project final/project
final.md:71: You can't use `macro parameter character #' in horizontal mode
Sorry, but I'm not programmed to handle this case;
I'll just pretend that you didn't ask for it.
If you're in the wrong mode, you might be able to
return to the right one by typing `I}' or `I$' or `I\par'.


C:/Users/trand_000/Desktop/Coursera Data/regression model/project final/project
final.md:71: You can't use `macro parameter character #' in horizontal mode
Sorry, but I'm not programmed to handle this case;
I'll just pretend that you didn't ask for it.
If you're in the wrong mode, you might be able to
return to the right one by typing `I}' or `I$' or `I\par'.


C:/Users/trand_000/Desktop/Coursera Data/regression model/project final/project
final.md:72: You can't use `macro parameter character #' in horizontal mode
Sorry, but I'm not programmed to handle this case;
I'll just pretend that you didn't ask for it.
If you're in the wrong mode, you might be able to
return to the right one by typing `I}' or `I$' or `I\par'.


C:/Users/trand_000/Desktop/Coursera Data/regression model/project final/project
final.md:72: You can't use `macro parameter character #' in horizontal mode
Sorry, but I'm not programmed to handle this case;
I'll just pretend that you didn't ask for it.
If you're in the wrong mode, you might be able to
return to the right one by typing `I}' or `I$' or `I\par'.


C:/Users/trand_000/Desktop/Coursera Data/regression model/project final/project
final.md:83: You can't use `macro parameter character #' in horizontal mode
Sorry, but I'm not programmed to handle this case;
I'll just pretend that you didn't ask for it.
If you're in the wrong mode, you might be able to
return to the right one by typing `I}' or `I$' or `I\par'.


C:/Users/trand_000/Desktop/Coursera Data/regression model/project final/project
final.md:83: You can't use `macro parameter character #' in horizontal mode
Sorry, but I'm not programmed to handle this case;
I'll just pretend that you didn't ask for it.
If you're in the wrong mode, you might be able to
return to the right one by typing `I}' or `I$' or `I\par'.


C:/Users/trand_000/Desktop/Coursera Data/regression model/project final/project
final.md:84: You can't use `macro parameter character #' in horizontal mode
Sorry, but I'm not programmed to handle this case;
I'll just pretend that you didn't ask for it.
If you're in the wrong mode, you might be able to
return to the right one by typing `I}' or `I$' or `I\par'.


C:/Users/trand_000/Desktop/Coursera Data/regression model/project final/project
final.md:84: You can't use `macro parameter character #' in horizontal mode
Sorry, but I'm not programmed to handle this case;
I'll just pretend that you didn't ask for it.
If you're in the wrong mode, you might be able to
return to the right one by typing `I}' or `I$' or `I\par'.


C:/Users/trand_000/Desktop/Coursera Data/regression model/project final/project
final.md:85: You can't use `macro parameter character #' in horizontal mode
Sorry, but I'm not programmed to handle this case;
I'll just pretend that you didn't ask for it.
If you're in the wrong mode, you might be able to
return to the right one by typing `I}' or `I$' or `I\par'.


C:/Users/trand_000/Desktop/Coursera Data/regression model/project final/project
final.md:85: You can't use `macro parameter character #' in horizontal mode
Sorry, but I'm not programmed to handle this case;
I'll just pretend that you didn't ask for it.
If you're in the wrong mode, you might be able to
return to the right one by typing `I}' or `I$' or `I\par'.


C:/Users/trand_000/Desktop/Coursera Data/regression model/project final/project
final.md:86: You can't use `macro parameter character #' in horizontal mode
Sorry, but I'm not programmed to handle this case;
I'll just pretend that you didn't ask for it.
If you're in the wrong mode, you might be able to
return to the right one by typing `I}' or `I$' or `I\par'.


C:/Users/trand_000/Desktop/Coursera Data/regression model/project final/project
final.md:86: You can't use `macro parameter character #' in horizontal mode
Sorry, but I'm not programmed to handle this case;
I'll just pretend that you didn't ask for it.
If you're in the wrong mode, you might be able to
return to the right one by typing `I}' or `I$' or `I\par'.


C:/Users/trand_000/Desktop/Coursera Data/regression model/project final/project
final.md:95: Missing $ inserted
I've inserted a begin-math/end-math symbol since I think
you left one out. Proceed, with fingers crossed.


C:/Users/trand_000/Desktop/Coursera Data/regression model/project final/project
final.md:96: Missing $ inserted
I've inserted a begin-math/end-math symbol since I think
you left one out. Proceed, with fingers crossed.


Overfull \hbox (37.58983pt too wide) in paragraph at lines 95--97
[]\tenrm the p$[]\teni alueofthesemodelareinferiorthan\tenrm 5\teni Therearethr
eemodelsthatpassedthetests:Lookingattheiradjusted$\tenrm R$[]$,|

\hbox(8.14003+1.94444)x469.75499, glue set - 1.0
.\hbox(0.0+0.0)x20.0
.\tenrm t
.\tenrm h
.\tenrm e
.\glue 3.33333 plus 1.66666 minus 1.11111
.etc.


C:/Users/trand_000/Desktop/Coursera Data/regression model/project final/project
final.md:103: You can't use `macro parameter character #' in horizontal mode
Sorry, but I'm not programmed to handle this case;
I'll just pretend that you didn't ask for it.
If you're in the wrong mode, you might be able to
return to the right one by typing `I}' or `I$' or `I\par'.


C:/Users/trand_000/Desktop/Coursera Data/regression model/project final/project
final.md:103: You can't use `macro parameter character #' in horizontal mode
Sorry, but I'm not programmed to handle this case;
I'll just pretend that you didn't ask for it.
If you're in the wrong mode, you might be able to
return to the right one by typing `I}' or `I$' or `I\par'.


C:/Users/trand_000/Desktop/Coursera Data/regression model/project final/project
final.md:104: You can't use `macro parameter character #' in horizontal mode
Sorry, but I'm not programmed to handle this case;
I'll just pretend that you didn't ask for it.
If you're in the wrong mode, you might be able to
return to the right one by typing `I}' or `I$' or `I\par'.


C:/Users/trand_000/Desktop/Coursera Data/regression model/project final/project
final.md:104: You can't use `macro parameter character #' in horizontal mode
Sorry, but I'm not programmed to handle this case;
I'll just pretend that you didn't ask for it.
If you're in the wrong mode, you might be able to
return to the right one by typing `I}' or `I$' or `I\par'.


C:/Users/trand_000/Desktop/Coursera Data/regression model/project final/project
final.md:105: You can't use `macro parameter character #' in horizontal mode
Sorry, but I'm not programmed to handle this case;
I'll just pretend that you didn't ask for it.
If you're in the wrong mode, you might be able to
return to the right one by typing `I}' or `I$' or `I\par'.


C:/Users/trand_000/Desktop/Coursera Data/regression model/project final/project
final.md:105: You can't use `macro parameter character #' in horizontal mode
Sorry, but I'm not programmed to handle this case;
I'll just pretend that you didn't ask for it.
If you're in the wrong mode, you might be able to
return to the right one by typing `I}' or `I$' or `I\par'.


C:/Users/trand_000/Desktop/Coursera Data/regression model/project final/project
final.md:106: You can't use `macro parameter character #' in horizontal mode
Sorry, but I'm not programmed to handle this case;
I'll just pretend that you didn't ask for it.
If you're in the wrong mode, you might be able to
return to the right one by typing `I}' or `I$' or `I\par'.


C:/Users/trand_000/Desktop/Coursera Data/regression model/project final/project
final.md:106: You can't use `macro parameter character #' in horizontal mode
Sorry, but I'm not programmed to handle this case;
I'll just pretend that you didn't ask for it.
If you're in the wrong mode, you might be able to
return to the right one by typing `I}' or `I$' or `I\par'.


C:/Users/trand_000/Desktop/Coursera Data/regression model/project final/project
final.md:107: You can't use `macro parameter character #' in horizontal mode
Sorry, but I'm not programmed to handle this case;
I'll just pretend that you didn't ask for it.
If you're in the wrong mode, you might be able to
return to the right one by typing `I}' or `I$' or `I\par'.


C:/Users/trand_000/Desktop/Coursera Data/regression model/project final/project
final.md:107: You can't use `macro parameter character #' in horizontal mode
Sorry, but I'm not programmed to handle this case;
I'll just pretend that you didn't ask for it.
If you're in the wrong mode, you might be able to
return to the right one by typing `I}' or `I$' or `I\par'.


C:/Users/trand_000/Desktop/Coursera Data/regression model/project final/project
final.md:108: You can't use `macro parameter character #' in horizontal mode
Sorry, but I'm not programmed to handle this case;
I'll just pretend that you didn't ask for it.
If you're in the wrong mode, you might be able to
return to the right one by typing `I}' or `I$' or `I\par'.


C:/Users/trand_000/Desktop/Coursera Data/regression model/project final/project
final.md:108: You can't use `macro parameter character #' in horizontal mode
Sorry, but I'm not programmed to handle this case;
I'll just pretend that you didn't ask for it.
If you're in the wrong mode, you might be able to
return to the right one by typing `I}' or `I$' or `I\par'.


C:/Users/trand_000/Desktop/Coursera Data/regression model/project final/project
final.md:109: You can't use `macro parameter character #' in horizontal mode
Sorry, but I'm not programmed to handle this case;
I'll just pretend that you didn't ask for it.
If you're in the wrong mode, you might be able to
return to the right one by typing `I}' or `I$' or `I\par'.


C:/Users/trand_000/Desktop/Coursera Data/regression model/project final/project
final.md:109: You can't use `macro parameter character #' in horizontal mode
Sorry, but I'm not programmed to handle this case;
I'll just pretend that you didn't ask for it.
If you're in the wrong mode, you might be able to
return to the right one by typing `I}' or `I$' or `I\par'.


C:/Users/trand_000/Desktop/Coursera Data/regression model/project final/project
final.md:110: You can't use `macro parameter character #' in horizontal mode
Sorry, but I'm not programmed to handle this case;
I'll just pretend that you didn't ask for it.
If you're in the wrong mode, you might be able to
return to the right one by typing `I}' or `I$' or `I\par'.


C:/Users/trand_000/Desktop/Coursera Data/regression model/project final/project
final.md:110: You can't use `macro parameter character #' in horizontal mode
Sorry, but I'm not programmed to handle this case;
I'll just pretend that you didn't ask for it.
If you're in the wrong mode, you might be able to
return to the right one by typing `I}' or `I$' or `I\par'.


C:/Users/trand_000/Desktop/Coursera Data/regression model/project final/project
final.md:111: You can't use `macro parameter character #' in horizontal mode
Sorry, but I'm not programmed to handle this case;
I'll just pretend that you didn't ask for it.
If you're in the wrong mode, you might be able to
return to the right one by typing `I}' or `I$' or `I\par'.


C:/Users/trand_000/Desktop/Coursera Data/regression model/project final/project
final.md:111: You can't use `macro parameter character #' in horizontal mode
Sorry, but I'm not programmed to handle this case;
I'll just pretend that you didn't ask for it.
If you're in the wrong mode, you might be able to
return to the right one by typing `I}' or `I$' or `I\par'.


C:/Users/trand_000/Desktop/Coursera Data/regression model/project final/project
final.md:112: You can't use `macro parameter character #' in horizontal mode
Sorry, but I'm not programmed to handle this case;
I'll just pretend that you didn't ask for it.
If you're in the wrong mode, you might be able to
return to the right one by typing `I}' or `I$' or `I\par'.


C:/Users/trand_000/Desktop/Coursera Data/regression model/project final/project
final.md:112: You can't use `macro parameter character #' in horizontal mode
Sorry, but I'm not programmed to handle this case;
I'll just pretend that you didn't ask for it.
If you're in the wrong mode, you might be able to
return to the right one by typing `I}' or `I$' or `I\par'.


C:/Users/trand_000/Desktop/Coursera Data/regression model/project final/project
final.md:113: You can't use `macro parameter character #' in horizontal mode
Sorry, but I'm not programmed to handle this case;
I'll just pretend that you didn't ask for it.
If you're in the wrong mode, you might be able to
return to the right one by typing `I}' or `I$' or `I\par'.


C:/Users/trand_000/Desktop/Coursera Data/regression model/project final/project
final.md:113: You can't use `macro parameter character #' in horizontal mode
Sorry, but I'm not programmed to handle this case;
I'll just pretend that you didn't ask for it.
If you're in the wrong mode, you might be able to
return to the right one by typing `I}' or `I$' or `I\par'.


C:/Users/trand_000/Desktop/Coursera Data/regression model/project final/project
final.md:114: You can't use `macro parameter character #' in horizontal mode
Sorry, but I'm not programmed to handle this case;
I'll just pretend that you didn't ask for it.
If you're in the wrong mode, you might be able to
return to the right one by typing `I}' or `I$' or `I\par'.


C:/Users/trand_000/Desktop/Coursera Data/regression model/project final/project
final.md:114: You can't use `macro parameter character #' in horizontal mode
Sorry, but I'm not programmed to handle this case;
I'll just pretend that you didn't ask for it.
If you're in the wrong mode, you might be able to
return to the right one by typing `I}' or `I$' or `I\par'.


C:/Users/trand_000/Desktop/Coursera Data/regression model/project final/project
final.md:115: You can't use `macro parameter character #' in horizontal mode
Sorry, but I'm not programmed to handle this case;
I'll just pretend that you didn't ask for it.
If you're in the wrong mode, you might be able to
return to the right one by typing `I}' or `I$' or `I\par'.


C:/Users/trand_000/Desktop/Coursera Data/regression model/project final/project
final.md:115: You can't use `macro parameter character #' in horizontal mode
Sorry, but I'm not programmed to handle this case;
I'll just pretend that you didn't ask for it.
If you're in the wrong mode, you might be able to
return to the right one by typing `I}' or `I$' or `I\par'.


Overfull \hbox (100.8764pt too wide) in paragraph at lines 118--121
[]\tenrm ```r rbind(summary(fit)$\teni adj:r:squared; summary\tenrm (\teni int\
tenrm 1)$adj.r.squared, summary(int2)$\teni adj:r:squared; summary\tenrm (\teni
 int\tenrm 9)$adj.r.squared)|

\hbox(7.5+2.5)x469.75499, glue set - 1.0
.\hbox(0.0+0.0)x20.0
.\tenrm \ (ligature ``)
.\tenrm `
.\tenrm r
.\glue 3.33333 plus 1.66666 minus 1.11111
.etc.


C:/Users/trand_000/Desktop/Coursera Data/regression model/project final/project
final.md:123: You can't use `macro parameter character #' in horizontal mode
Sorry, but I'm not programmed to handle this case;
I'll just pretend that you didn't ask for it.
If you're in the wrong mode, you might be able to
return to the right one by typing `I}' or `I$' or `I\par'.


C:/Users/trand_000/Desktop/Coursera Data/regression model/project final/project
final.md:123: You can't use `macro parameter character #' in horizontal mode
Sorry, but I'm not programmed to handle this case;
I'll just pretend that you didn't ask for it.
If you're in the wrong mode, you might be able to
return to the right one by typing `I}' or `I$' or `I\par'.


C:/Users/trand_000/Desktop/Coursera Data/regression model/project final/project
final.md:124: You can't use `macro parameter character #' in horizontal mode
Sorry, but I'm not programmed to handle this case;
I'll just pretend that you didn't ask for it.
If you're in the wrong mode, you might be able to
return to the right one by typing `I}' or `I$' or `I\par'.


C:/Users/trand_000/Desktop/Coursera Data/regression model/project final/project
final.md:124: You can't use `macro parameter character #' in horizontal mode
Sorry, but I'm not programmed to handle this case;
I'll just pretend that you didn't ask for it.
If you're in the wrong mode, you might be able to
return to the right one by typing `I}' or `I$' or `I\par'.


C:/Users/trand_000/Desktop/Coursera Data/regression model/project final/project
final.md:125: You can't use `macro parameter character #' in horizontal mode
Sorry, but I'm not programmed to handle this case;
I'll just pretend that you didn't ask for it.
If you're in the wrong mode, you might be able to
return to the right one by typing `I}' or `I$' or `I\par'.


C:/Users/trand_000/Desktop/Coursera Data/regression model/project final/project
final.md:125: You can't use `macro parameter character #' in horizontal mode
Sorry, but I'm not programmed to handle this case;
I'll just pretend that you didn't ask for it.
If you're in the wrong mode, you might be able to
return to the right one by typing `I}' or `I$' or `I\par'.


C:/Users/trand_000/Desktop/Coursera Data/regression model/project final/project
final.md:126: You can't use `macro parameter character #' in horizontal mode
Sorry, but I'm not programmed to handle this case;
I'll just pretend that you didn't ask for it.
If you're in the wrong mode, you might be able to
return to the right one by typing `I}' or `I$' or `I\par'.


C:/Users/trand_000/Desktop/Coursera Data/regression model/project final/project
final.md:126: You can't use `macro parameter character #' in horizontal mode
Sorry, but I'm not programmed to handle this case;
I'll just pretend that you didn't ask for it.
If you're in the wrong mode, you might be able to
return to the right one by typing `I}' or `I$' or `I\par'.


C:/Users/trand_000/Desktop/Coursera Data/regression model/project final/project
final.md:127: You can't use `macro parameter character #' in horizontal mode
Sorry, but I'm not programmed to handle this case;
I'll just pretend that you didn't ask for it.
If you're in the wrong mode, you might be able to
return to the right one by typing `I}' or `I$' or `I\par'.


C:/Users/trand_000/Desktop/Coursera Data/regression model/project final/project
final.md:127: You can't use `macro parameter character #' in horizontal mode
Sorry, but I'm not programmed to handle this case;
I'll just pretend that you didn't ask for it.
If you're in the wrong mode, you might be able to
return to the right one by typing `I}' or `I$' or `I\par'.


C:/Users/trand_000/Desktop/Coursera Data/regression model/project final/project
final.md:130: Missing $ inserted
I've inserted a begin-math/end-math symbol since I think
you left one out. Proceed, with fingers crossed.


C:/Users/trand_000/Desktop/Coursera Data/regression model/project final/project
final.md:131: Missing $ inserted
I've inserted a begin-math/end-math symbol since I think
you left one out. Proceed, with fingers crossed.


Overfull \hbox (38.52875pt too wide) in paragraph at lines 130--131
[]\tenrm I choose int9 to in-ter-pret the ef-fect of am on mpg. We can no-tice 
than the p$[]\teni alueofamandtheinteractiontermam \tensy |

\hbox(6.94444+1.94444)x469.75499, glue set - 1.0
.\hbox(0.0+0.0)x20.0
.\tenrm I
.\glue 3.33333 plus 1.66498 minus 1.11221
.\tenrm c
.\kern-0.27779
.etc.


C:/Users/trand_000/Desktop/Coursera Data/regression model/project final/project
final.md:134: You can't use `macro parameter character #' in horizontal mode
Sorry, but I'm not programmed to handle this case;
I'll just pretend that you didn't ask for it.
If you're in the wrong mode, you might be able to
return to the right one by typing `I}' or `I$' or `I\par'.


C:/Users/trand_000/Desktop/Coursera Data/regression model/project final/project
final.md:134: You can't use `macro parameter character #' in horizontal mode
Sorry, but I'm not programmed to handle this case;
I'll just pretend that you didn't ask for it.
If you're in the wrong mode, you might be able to
return to the right one by typing `I}' or `I$' or `I\par'.


C:/Users/trand_000/Desktop/Coursera Data/regression model/project final/project
final.md:135: You can't use `macro parameter character #' in horizontal mode
Sorry, but I'm not programmed to handle this case;
I'll just pretend that you didn't ask for it.
If you're in the wrong mode, you might be able to
return to the right one by typing `I}' or `I$' or `I\par'.


C:/Users/trand_000/Desktop/Coursera Data/regression model/project final/project
final.md:135: You can't use `macro parameter character #' in horizontal mode
Sorry, but I'm not programmed to handle this case;
I'll just pretend that you didn't ask for it.
If you're in the wrong mode, you might be able to
return to the right one by typing `I}' or `I$' or `I\par'.


C:/Users/trand_000/Desktop/Coursera Data/regression model/project final/project
final.md:136: You can't use `macro parameter character #' in horizontal mode
Sorry, but I'm not programmed to handle this case;
I'll just pretend that you didn't ask for it.
If you're in the wrong mode, you might be able to
return to the right one by typing `I}' or `I$' or `I\par'.


C:/Users/trand_000/Desktop/Coursera Data/regression model/project final/project
final.md:136: You can't use `macro parameter character #' in horizontal mode
Sorry, but I'm not programmed to handle this case;
I'll just pretend that you didn't ask for it.
If you're in the wrong mode, you might be able to
return to the right one by typing `I}' or `I$' or `I\par'.


C:/Users/trand_000/Desktop/Coursera Data/regression model/project final/project
final.md:137: You can't use `macro parameter character #' in horizontal mode
Sorry, but I'm not programmed to handle this case;
I'll just pretend that you didn't ask for it.
If you're in the wrong mode, you might be able to
return to the right one by typing `I}' or `I$' or `I\par'.


C:/Users/trand_000/Desktop/Coursera Data/regression model/project final/project
final.md:137: You can't use `macro parameter character #' in horizontal mode
Sorry, but I'm not programmed to handle this case;
I'll just pretend that you didn't ask for it.
If you're in the wrong mode, you might be able to
return to the right one by typing `I}' or `I$' or `I\par'.


C:/Users/trand_000/Desktop/Coursera Data/regression model/project final/project
final.md:138: You can't use `macro parameter character #' in horizontal mode
Sorry, but I'm not programmed to handle this case;
I'll just pretend that you didn't ask for it.
If you're in the wrong mode, you might be able to
return to the right one by typing `I}' or `I$' or `I\par'.


C:/Users/trand_000/Desktop/Coursera Data/regression model/project final/project
final.md:138: You can't use `macro parameter character #' in horizontal mode
Sorry, but I'm not programmed to handle this case;
I'll just pretend that you didn't ask for it.
If you're in the wrong mode, you might be able to
return to the right one by typing `I}' or `I$' or `I\par'.


C:/Users/trand_000/Desktop/Coursera Data/regression model/project final/project
final.md:139: You can't use `macro parameter character #' in horizontal mode
Sorry, but I'm not programmed to handle this case;
I'll just pretend that you didn't ask for it.
If you're in the wrong mode, you might be able to
return to the right one by typing `I}' or `I$' or `I\par'.


C:/Users/trand_000/Desktop/Coursera Data/regression model/project final/project
final.md:139: You can't use `macro parameter character #' in horizontal mode
Sorry, but I'm not programmed to handle this case;
I'll just pretend that you didn't ask for it.
If you're in the wrong mode, you might be able to
return to the right one by typing `I}' or `I$' or `I\par'.


C:/Users/trand_000/Desktop/Coursera Data/regression model/project final/project
final.md:140: You can't use `macro parameter character #' in horizontal mode
Sorry, but I'm not programmed to handle this case;
I'll just pretend that you didn't ask for it.
If you're in the wrong mode, you might be able to
return to the right one by typing `I}' or `I$' or `I\par'.


C:/Users/trand_000/Desktop/Coursera Data/regression model/project final/project
final.md:140: You can't use `macro parameter character #' in horizontal mode
Sorry, but I'm not programmed to handle this case;
I'll just pretend that you didn't ask for it.
If you're in the wrong mode, you might be able to
return to the right one by typing `I}' or `I$' or `I\par'.


C:/Users/trand_000/Desktop/Coursera Data/regression model/project final/project
final.md:141: You can't use `macro parameter character #' in horizontal mode
Sorry, but I'm not programmed to handle this case;
I'll just pretend that you didn't ask for it.
If you're in the wrong mode, you might be able to
return to the right one by typing `I}' or `I$' or `I\par'.


C:/Users/trand_000/Desktop/Coursera Data/regression model/project final/project
final.md:141: You can't use `macro parameter character #' in horizontal mode
Sorry, but I'm not programmed to handle this case;
I'll just pretend that you didn't ask for it.
If you're in the wrong mode, you might be able to
return to the right one by typing `I}' or `I$' or `I\par'.


Overfull \hbox (6.99619pt too wide) in paragraph at lines 133--143
\tenrm 0.886269543  qsec 0.9728476 0.4535978 2.1447362 0.041881821  fac-tor(am)
1:wt -3.9741065 1.3104167 -3.0327044|

\hbox(7.5+2.5)x469.75499, glue set - 1.0
.\tenrm 0
.\tenrm .
.\tenrm 8
.\tenrm 8
.\tenrm 6
.etc.

 [1{C:/Users/trand_000/AppData/Local/MiKTeX/2.9/pdftex/config/pdftex.map}]
C:/Users/trand_000/Desktop/Coursera Data/regression model/project final/project
final.md:144: You can't use `macro parameter character #' in vertical mode
Sorry, but I'm not programmed to handle this case;
I'll just pretend that you didn't ask for it.
If you're in the wrong mode, you might be able to
return to the right one by typing `I}' or `I$' or `I\par'.


C:/Users/trand_000/Desktop/Coursera Data/regression model/project final/project
final.md:146: You can't use `macro parameter character #' in vertical mode
Sorry, but I'm not programmed to handle this case;
I'll just pretend that you didn't ask for it.
If you're in the wrong mode, you might be able to
return to the right one by typing `I}' or `I$' or `I\par'.


C:/Users/trand_000/Desktop/Coursera Data/regression model/project final/project
final.md:146: You can't use `macro parameter character #' in vertical mode
Sorry, but I'm not programmed to handle this case;
I'll just pretend that you didn't ask for it.
If you're in the wrong mode, you might be able to
return to the right one by typing `I}' or `I$' or `I\par'.


C:/Users/trand_000/Desktop/Coursera Data/regression model/project final/project
final.md:158: You can't use `macro parameter character #' in vertical mode
Sorry, but I'm not programmed to handle this case;
I'll just pretend that you didn't ask for it.
If you're in the wrong mode, you might be able to
return to the right one by typing `I}' or `I$' or `I\par'.


C:/Users/trand_000/Desktop/Coursera Data/regression model/project final/project
final.md:158: You can't use `macro parameter character #' in vertical mode
Sorry, but I'm not programmed to handle this case;
I'll just pretend that you didn't ask for it.
If you're in the wrong mode, you might be able to
return to the right one by typing `I}' or `I$' or `I\par'.


C:/Users/trand_000/Desktop/Coursera Data/regression model/project final/project
final.md:164: You can't use `macro parameter character #' in vertical mode
Sorry, but I'm not programmed to handle this case;
I'll just pretend that you didn't ask for it.
If you're in the wrong mode, you might be able to
return to the right one by typing `I}' or `I$' or `I\par'.

)
! Emergency stop
*** (job aborted, no legal \end found)

!  ==> Fatal error occurred, no output PDF file produced!
